<?xml version="1.0" encoding="UTF-8"?>
<!-- Generated by org.testng.reporters.JUnitReportReporter -->
<testsuite hostname="DESKTOP-383AQQU" failures="0" tests="1" name="api.test.UserTests2" time="5.190" errors="0" timestamp="2024-09-13T19:00:25 IST" skipped="0">
  <testcase classname="api.test.UserTests2" name="testPostUser" time="5.190"/>
</testsuite> <!-- api.test.UserTests2 -->
