<?xml version="1.0" encoding="UTF-8"?>
<!-- Generated by org.testng.reporters.JUnitReportReporter -->
<testsuite hostname="DESKTOP-383AQQU" failures="0" tests="4" name="api.test.UserTests" time="11.068" errors="0" timestamp="2024-09-07T23:29:25 IST" skipped="0">
  <testcase classname="api.test.UserTests" name="testPostUser" time="4.671"/>
  <testcase classname="api.test.UserTests" name="testGetUserByUsername" time="1.191"/>
  <testcase classname="api.test.UserTests" name="testUpdateUser" time="2.446"/>
  <testcase classname="api.test.UserTests" name="testDeleteUserByUsername" time="2.760"/>
</testsuite> <!-- api.test.UserTests -->
