<?xml version="1.0" encoding="UTF-8"?>
<!-- Generated by org.testng.reporters.JUnitReportReporter -->
<testsuite hostname="DESKTOP-383AQQU" failures="0" tests="6" name="api.test.DDTests2" time="7.136" errors="0" timestamp="2024-09-13T17:35:29 IST" skipped="0">
  <testcase classname="api.test.DDTests2" name="testPostUser" time="1.259"/>
  <testcase classname="api.test.DDTests2" name="testPostUser" time="1.244"/>
  <testcase classname="api.test.DDTests2" name="testPostUser" time="1.200"/>
  <testcase classname="api.test.DDTests2" name="testDeleteUserByName" time="1.130"/>
  <testcase classname="api.test.DDTests2" name="testDeleteUserByName" time="1.117"/>
  <testcase classname="api.test.DDTests2" name="testDeleteUserByName" time="1.186"/>
</testsuite> <!-- api.test.DDTests2 -->
