<?xml version="1.0" encoding="UTF-8"?>
<!-- Generated by org.testng.reporters.JUnitReportReporter -->
<testsuite hostname="DESKTOP-383AQQU" failures="0" tests="6" name="api.test.DDTests" time="6.938" errors="0" timestamp="2024-09-13T18:59:32 IST" skipped="0">
  <testcase classname="api.test.DDTests" name="testPostUser" time="1.152"/>
  <testcase classname="api.test.DDTests" name="testPostUser" time="1.167"/>
  <testcase classname="api.test.DDTests" name="testPostUser" time="1.171"/>
  <testcase classname="api.test.DDTests" name="testDeleteUserByName" time="1.107"/>
  <testcase classname="api.test.DDTests" name="testDeleteUserByName" time="1.254"/>
  <testcase classname="api.test.DDTests" name="testDeleteUserByName" time="1.087"/>
</testsuite> <!-- api.test.DDTests -->
